<?xml version="1.0" encoding="UTF-8"?>
<!-- Generated by org.testng.reporters.JUnitReportReporter -->
<testsuite hostname="DESKTOP-FGGCQ7V" failures="0" tests="1" name="vTiger.Practice.RetryAnalyzerPractice" time="0.020" errors="0" timestamp="2023-04-23T18:19:42 IST" skipped="0">
  <testcase classname="vTiger.Practice.RetryAnalyzerPractice" name="analyzerPractice" time="0.020"/>
  <system-out/>
</testsuite> <!-- vTiger.Practice.RetryAnalyzerPractice -->
