<?xml version="1.0" encoding="UTF-8"?>
<!-- Generated by org.testng.reporters.JUnitReportReporter -->
<testsuite hostname="DESKTOP-FGGCQ7V" failures="0" tests="5" name="vTiger.OrganizationsTests.CreateMultipleOrgWithIndustryTest" time="348.800" errors="0" timestamp="2023-04-13T13:42:46 IST" skipped="0">
  <testcase classname="vTiger.OrganizationsTests.CreateMultipleOrgWithIndustryTest" name="createMultipleOrgWithIndustry" time="78.532"/>
  <system-out/>
  <testcase classname="vTiger.OrganizationsTests.CreateMultipleOrgWithIndustryTest" name="createMultipleOrgWithIndustry" time="51.671"/>
  <system-out/>
  <testcase classname="vTiger.OrganizationsTests.CreateMultipleOrgWithIndustryTest" name="createMultipleOrgWithIndustry" time="91.369"/>
  <system-out/>
  <testcase classname="vTiger.OrganizationsTests.CreateMultipleOrgWithIndustryTest" name="createMultipleOrgWithIndustry" time="47.441"/>
  <system-out/>
  <testcase classname="vTiger.OrganizationsTests.CreateMultipleOrgWithIndustryTest" name="createMultipleOrgWithIndustry" time="79.787"/>
  <system-out/>
</testsuite> <!-- vTiger.OrganizationsTests.CreateMultipleOrgWithIndustryTest -->
