<?xml version="1.0" encoding="UTF-8"?>
<!-- Generated by org.testng.reporters.JUnitReportReporter -->
<testsuite hostname="DESKTOP-FGGCQ7V" failures="0" tests="5" name="vTiger.Practice.DataProviderPractice" time="0.041" errors="0" timestamp="2023-04-13T07:40:12 IST" skipped="0">
  <testcase classname="vTiger.Practice.DataProviderPractice" name="getApparel" time="0.018"/>
  <system-out/>
  <testcase classname="vTiger.Practice.DataProviderPractice" name="getApparel" time="0.007"/>
  <system-out/>
  <testcase classname="vTiger.Practice.DataProviderPractice" name="getApparel" time="0.004"/>
  <system-out/>
  <testcase classname="vTiger.Practice.DataProviderPractice" name="getApparel" time="0.008"/>
  <system-out/>
  <testcase classname="vTiger.Practice.DataProviderPractice" name="getApparel" time="0.004"/>
  <system-out/>
</testsuite> <!-- vTiger.Practice.DataProviderPractice -->
