<?xml version="1.0" encoding="UTF-8"?>
<!-- Generated by org.testng.reporters.JUnitReportReporter -->
<testsuite hostname="DESKTOP-FGGCQ7V" failures="0" tests="1" name="vTiger.Practice.ReadDataFromCMDLine" time="0.036" errors="0" timestamp="2023-04-26T10:53:58 IST" skipped="0">
  <testcase classname="vTiger.Practice.ReadDataFromCMDLine" name="readData" time="0.036"/>
  <system-out/>
</testsuite> <!-- vTiger.Practice.ReadDataFromCMDLine -->
