<?xml version="1.0" encoding="UTF-8"?>
<!-- Generated by org.testng.reporters.JUnitReportReporter -->
<testsuite hostname="DESKTOP-FGGCQ7V" failures="0" tests="2" name="vTiger.OrganizationsTests.CreateNewOrganizationTest" time="78.079" errors="0" timestamp="2023-04-23T17:14:39 IST" skipped="0">
  <testcase classname="vTiger.OrganizationsTests.CreateNewOrganizationTest" name="demo" time="11.408"/>
  <system-out/>
  <testcase classname="vTiger.OrganizationsTests.CreateNewOrganizationTest" name="createNewOrgTest" time="66.671"/>
  <system-out/>
</testsuite> <!-- vTiger.OrganizationsTests.CreateNewOrganizationTest -->
